<?xml version="1.0" encoding="UTF-8"?>
<!-- Generated by org.testng.reporters.JUnitXMLReporter -->
<testsuite ignored="0" hostname="RockPC" failures="0" tests="3" name="chrome" time="27.249" errors="0" timestamp="28 Jul 2018 18:17:52 GMT">
  <testcase classname="com.AcitTime.test.ValidLoginLogoutTest" name="testValidLogin" time="1.864"/>
  <testcase classname="com.AcitTime.test.InvalideLoginTest" name="testInvalidLogin" time="1.714"/>
  <testcase classname="com.AcitTime.test.VersionTest" name="testVersion" time="0.209"/>
</testsuite> <!-- chrome -->
