<?xml version="1.0" encoding="UTF-8"?>
<!-- Generated by org.testng.reporters.JUnitXMLReporter -->
<testsuite ignored="0" hostname="RockPC" failures="0" tests="3" name="firefox" time="27.201" errors="0" timestamp="28 Jul 2018 18:17:25 GMT">
  <testcase classname="com.AcitTime.test.ValidLoginLogoutTest" name="testValidLogin" time="3.54"/>
  <testcase classname="com.AcitTime.test.InvalideLoginTest" name="testInvalidLogin" time="1.22"/>
  <testcase classname="com.AcitTime.test.VersionTest" name="testVersion" time="0.223"/>
</testsuite> <!-- firefox -->
