<?xml version="1.0" encoding="UTF-8"?>
<!-- Generated by org.testng.reporters.JUnitXMLReporter -->
<testsuite ignored="0" hostname="RockPC" failures="1" tests="1" name="Test" time="19.466" errors="0" timestamp="05 Jun 2018 11:20:37 GMT">
  <testcase classname="com.AcitTime.test.ValidLoginLogout" name="testValidLogin" time="12.464">
    <failure type="java.lang.AssertionError" message="null">
      <![CDATA[java.lang.AssertionError: null
at com.AcitTime.pages.BasePage.verifyTitle(BasePage.java:40)
at com.AcitTime.pages.LoginPage.verifyingTitle(LoginPage.java:65)
at com.AcitTime.test.ValidLoginLogout.testValidLogin(ValidLoginLogout.java:66)
... Removed 27 stack frames]]>
    </failure>
  </testcase> <!-- testValidLogin -->
</testsuite> <!-- Test -->
